SCF energy: -14.351880
Running CCSD at zero Temperature
  CCSD will use 0.117126 mb
MP2 Energy -0.0243583746
  1  -0.0377629548
  2  -0.0447848929
  3  -0.0483341573
  4  -0.0500921815
  5  -0.0509537188
  6  -0.0513736542
  7  -0.0515777962
  8  -0.0516769056
  9  -0.0517249918
 10  -0.0517483152
 11  -0.0517596261
 12  -0.0517651110
 13  -0.0517677707
 14  -0.0517690604
Running MP3 at an electronic temperature of 1578875.644572 K
  FT-RMP3 will use 0.232697 mb
HF energy: -44.55686971
MP3 correlation energy: -0.10053670
Running CCSD at an electronic temperature of 1578875.644572 K
MP2 Energy: -0.1134985310
  1  -0.1011326690   2.2578E-01
  2  -0.1020110295   2.4963E-02
  3  -0.1019516301   1.9594E-03
  4  -0.1019550186   1.2683E-04
  5  -0.1019548531   6.9345E-06
  6  -0.1019548602   3.2868E-07
Total CCSD time: 0.4723 s
-0.11349855272311299 -0.10053670285101404
-0.10195486021115925
