SCF energy: -14.351880
Running CCSD at an electronic temperature of 31577.512891 K
  FT-CCSD will use 38.609314 mb
MP2 Energy: -0.1410424629
  1  -0.0877555364   2.6911E+00
  2  -0.1427230587   2.1425E+00
  3  -0.1446919315   7.8663E-01
  4  -0.1509953355   1.7168E-01
  5  -0.1524464314   9.8119E-02
  6  -0.1531896393   4.3403E-02
  7  -0.1535045108   1.9840E-02
  8  -0.1536233789   9.0868E-03
  9  -0.1536688464   4.0485E-03
 10  -0.1536859133   1.7612E-03
 11  -0.1536920908   7.4930E-04
 12  -0.1536942545   3.1150E-04
 13  -0.1536949894   1.2646E-04
 14  -0.1536952312   5.0112E-05
 15  -0.1536953081   1.9363E-05
 16  -0.1536953318   7.2836E-06
 17  -0.1536953389   2.6603E-06
 18  -0.1536953410   9.4003E-07
 19  -0.1536953417   3.1982E-07
Total CCSD time: 17.1474 s
Running CCSD at an electronic temperature of 31577.512891 K
  FT-CCSD will use 38.609314 mb
MP2 Energy: -0.1410425494
  1  -0.0877550767   2.8032E+00
  2  -0.1427228934   2.2917E+00
  3  -0.1446913119   8.3166E-01
  4  -0.1509949152   1.7932E-01
  5  -0.1524459254   1.0371E-01
  6  -0.1531891857   4.5967E-02
  7  -0.1535040674   2.1089E-02
  8  -0.1536229463   9.7009E-03
  9  -0.1536684202   4.3385E-03
 10  -0.1536854903   1.8941E-03
 11  -0.1536916695   8.0867E-04
 12  -0.1536938339   3.3732E-04
 13  -0.1536945692   1.3740E-04
 14  -0.1536948111   5.4619E-05
 15  -0.1536948882   2.1169E-05
 16  -0.1536949119   7.9858E-06
 17  -0.1536949190   2.9243E-06
 18  -0.1536949211   1.0354E-06
 19  -0.1536949217   3.5256E-07
Total CCSD time: 17.1605 s
Running CCSD at an electronic temperature of 31577.512891 K
  FT-CCSD will use 38.609314 mb
MP2 Energy: -0.1410435139
  1  -0.0877559660   2.9908E+00
  2  -0.1427239333   2.4826E+00
  3  -0.1446924107   9.4255E-01
  4  -0.1509959695   1.9051E-01
  5  -0.1524469583   1.1625E-01
  6  -0.1531901759   4.9008E-02
  7  -0.1535050362   2.2453E-02
  8  -0.1536239006   1.0395E-02
  9  -0.1536693663   4.6630E-03
 10  -0.1536864322   2.0466E-03
 11  -0.1536926094   8.8032E-04
 12  -0.1536947729   3.7040E-04
 13  -0.1536955077   1.5235E-04
 14  -0.1536957495   6.1226E-05
 15  -0.1536958264   2.4023E-05
 16  -0.1536958501   9.1877E-06
 17  -0.1536958572   3.4169E-06
 18  -0.1536958593   1.2311E-06
 19  -0.1536958599   4.2736E-07
Total CCSD time: 17.1467 s
-0.153695341668
-0.153694921733
-0.1536958599
