SCF energy: -14.351880
Running CCSD at zero Temperature
  CCSD will use 0.117126 mb
MP2 Energy -0.0243583746
  1  -0.0377629548
  2  -0.0447848929
  3  -0.0483341573
  4  -0.0500921815
  5  -0.0509537188
  6  -0.0513736542
  7  -0.0515777962
  8  -0.0516769056
  9  -0.0517249918
 10  -0.0517483152
 11  -0.0517596261
 12  -0.0517651110
 13  -0.0517677707
 14  -0.0517690604
Running MP3 at an electronic temperature of 631550.257829 K
  FT-RMP3 will use 0.232697 mb
HF energy: -24.68108819
MP3 correlation energy: -0.21328430
Running CCSD at an electronic temperature of 631550.257829 K
MP2 Energy: -0.2983957211
  1  -0.2251914235   5.0454E-01
  2  -0.2337573668   1.2441E-01
  3  -0.2326438941   1.8591E-02
  4  -0.2327721177   2.4147E-03
  5  -0.2327597349   2.6374E-04
  6  -0.2327608024   2.5089E-05
  7  -0.2327607205   2.1141E-06
  8  -0.2327607263   1.6044E-07
  9  -0.2327607259   1.1112E-08
 10  -0.2327607259   7.1075E-10
Total CCSD time: 0.7983 s
  1  2.7138487372
  2  1.2728132359
  3  0.6330870959
  4  0.1515762309
  5  0.0238343049
  6  0.0030581302
  7  0.0003237209
  8  0.0000300306
  9  0.0000024469
 10  0.0000001800
 11  0.0000000121
Total CCSD Lambda time: 2.281723 s
RDM construction time: 0.17758679389953613 s
Total derivative time: 0.29018592834472656 s
N = 5.253523702837299
E = -12.452592894601937
S = 6.2306280090590915
Running CCSD at an electronic temperature of 631550.257829 K
MP2 Energy: -0.2985122211
  1  -0.2252797016   5.0450E-01
  2  -0.2338469857   1.2438E-01
  3  -0.2327335003   1.8586E-02
  4  -0.2328617122   2.4136E-03
  5  -0.2328493323   2.6359E-04
  6  -0.2328503994   2.5073E-05
  7  -0.2328503176   2.1125E-06
  8  -0.2328503233   1.6030E-07
  9  -0.2328503229   1.1101E-08
 10  -0.2328503229   7.0997E-10
Total CCSD time: 0.7980 s
Running CCSD at an electronic temperature of 631550.257829 K
MP2 Energy: -0.2982792490
  1  -0.2251031709   5.0458E-01
  2  -0.2336677725   1.2443E-01
  3  -0.2325543127   1.8597E-02
  4  -0.2326825480   2.4157E-03
  5  -0.2326701625   2.6388E-04
  6  -0.2326712304   2.5105E-05
  7  -0.2326711484   2.1158E-06
  8  -0.2326711542   1.6058E-07
  9  -0.2326711538   1.1123E-08
 10  -0.2326711538   7.1154E-10
Total CCSD time: 0.7972 s
5.074354589139962  0.17916911429771698
Running CCSD at an electronic temperature of 631708.145393 K
MP2 Energy: -0.2983256007
  1  -0.2251542995   5.0443E-01
  2  -0.2337148120   1.2435E-01
  3  -0.2326022799   1.8579E-02
  4  -0.2327303662   2.4125E-03
  5  -0.2327179995   2.6344E-04
  6  -0.2327190654   2.5055E-05
  7  -0.2327189836   2.1108E-06
  8  -0.2327189894   1.6014E-07
  9  -0.2327189890   1.1089E-08
 10  -0.2327189890   7.0913E-10
Total CCSD time: 0.7977 s
Running CCSD at an electronic temperature of 631392.370265 K
MP2 Energy: -0.2984658692
  1  -0.2252285531   5.0466E-01
  2  -0.2337999323   1.2447E-01
  3  -0.2326855179   1.8604E-02
  4  -0.2328138790   2.4169E-03
  5  -0.2328014802   2.6404E-04
  6  -0.2328025493   2.5123E-05
  7  -0.2328024673   2.1175E-06
  8  -0.2328024730   1.6073E-07
  9  -0.2328024727   1.1135E-08
 10  -0.2328024727   7.1239E-10
Total CCSD time: 0.7995 s
6.230627991499205  -0.08348369218527663
N = 5.253523703437679
E = -12.45259292972171
S = 6.230627991499205
