SCF energy: -14.351880
Running CCSD at zero Temperature
  CCSD will use 0.117126 mb
MP2 Energy -0.0243583746
  1  -0.0377629548  0.0074254464
  2  -0.0447848929  0.0039141619
  3  -0.0483341573  0.0019826635
  4  -0.0500921815  0.0009828019
  5  -0.0509537188  0.0004817774
  6  -0.0513736542  0.0002348608
  7  -0.0515777962  0.0001141788
  8  -0.0516769056  0.0000554344
  9  -0.0517249918  0.0000268962
 10  -0.0517483152  0.0000130456
 11  -0.0517596261  0.0000063266
 12  -0.0517651110  0.0000030679
 13  -0.0517677707  0.0000014877
 14  -0.0517690604  0.0000007214
Running MP3 at an electronic temperature of 1578875.644572 K
  FT-RMP3 will use 0.232697 mb
HF energy: -44.55686971
MP3 correlation energy: -0.10053670
Running CCSD at an electronic temperature of 1578875.644572 K
  FT-CCSD will use 4.071045 mb
MP2 Energy: -0.0759780645
  1  -0.0685027530   1.3482E-01
  2  -0.0691516271   1.5401E-02
  3  -0.0691070368   1.2063E-03
  4  -0.0691096050   7.8604E-05
  5  -0.0691094776   4.3419E-06
  6  -0.0691094831   2.0874E-07
Total CCD time: 0.8006 s
(-0.11349855272311013, -0.10053670285101192)
-0.0691094831388
