SCF energy: -14.351880
Running LCCSD at zero Temperature
 1  -0.0383730233
 2  -0.0466216372
 3  -0.0515011214
 4  -0.0543916238
 5  -0.0561044894
 6  -0.0571195973
 7  -0.0577212017
 8  -0.0580777452
 9  -0.0582890525
 10  -0.0584142848
 11  -0.0584885045
 12  -0.0585324912
 13  -0.0585585601
 14  -0.0585740100
Running MP3 at an electronic temperature of 1578875.644572 K
  FT-RMP3 will use 0.232697 mb
HF energy: -44.55686971
MP3 correlation energy: -0.10053670
Running LCCSD at an electronic temperature of 1578875.644572 K
  FT-LCCSD will use 5.090332 mb
  1  -0.1010828275   2.6932E-01
  2  -0.1019962218   3.2081E-02
  3  -0.1019336434   2.6017E-03
  4  -0.1019372655   1.7300E-04
  5  -0.1019370872   9.6417E-06
  6  -0.1019370949   4.6328E-07
Total LCCSD time: 0.5175 s
total energy: -44.658807
(-0.11349855272311013, -0.10053670285101192)
-0.101937094856
