Norb: 19
L: 6.2831853072
N0: 4.7405292012
mu: 0.2000000000
density: 0.0191111676
r_s: 2.3202853069
T_F: 1.4617098916
Running CCSD at an electronic temperature of 157887.564457 K
MP2 Energy: -0.0546216457
  1  -0.0634530823   2.9103E-01
  2  -0.0654457622   8.4361E-02
  3  -0.0660362403   2.5875E-02
  4  -0.0662088904   7.9692E-03
  5  -0.0662587848   2.4292E-03
  6  -0.0662730507   7.3035E-04
  7  -0.0662770896   2.1655E-04
  8  -0.0662782226   6.3373E-05
  9  -0.0662785377   1.8323E-05
 10  -0.0662786246   5.2395E-06
 11  -0.0662786485   1.4831E-06
 12  -0.0662786549   4.1588E-07
Total CCSD time: 26.1665 s
Omega: -2.7642761809
OmegaC: -0.066278654932
  1  2.2541992204
  2  0.6856423037
  3  0.2411967484
  4  0.0874090235
  5  0.0313546935
  6  0.0109490702
  7  0.0037084525
  8  0.0012203099
  9  0.0003913871
 10  0.0001227499
 11  0.0000377532
 12  0.0000114140
 13  0.0000033988
Total CCSD Lambda time: 67.470139 s
E: 3.75516021071
S: 10.7638160918
N: 5.68764172867
