density: 0.23873240318745964
r_s: 1.0000000159877518
Running CCSD at zero Temperature
  CCSD will use 225.202576 mb
MP2 Energy -0.5255883094
  1  -0.3327909635
  2  -0.4193165407
  3  -0.3806594947
  4  -0.3981240990
  5  -0.3902421494
  6  -0.3938056896
  7  -0.3921951418
  8  -0.3929232621
  9  -0.3925941119
 10  -0.3927429147
 11  -0.3926756450
 12  -0.3927060561
 13  -0.3926923080
 14  -0.3926985232
 15  -0.3926957134
 16  -0.3926969837
 17  -0.3926964094
 18  -0.3926966690
 19  -0.3926965517
 20  -0.3926966047
 21  -0.3926965807
 22  -0.3926965916
 23  -0.3926965867
(8.098783631066398, -0.39269658668523144)
density: 0.23873240318745964
r_s: 1.0000000159877518
Running CCSD at zero Temperature
  CCSD will use 225.202576 mb
MP2 Energy -0.4268016280
  1  -0.3831633503
  2  -0.3935657824
  3  -0.3924104574
  4  -0.3927147385
  5  -0.3926873915
  6  -0.3926967996
  7  -0.3926962710
  8  -0.3926965802
  9  -0.3926965764
(8.098783641328604, -0.392696576423024)
