Norb: 19
L: 6.2831853072
N0: 1.6809131466
mu: 0.1000000000
density: 0.0067765035
r_s: 3.2781984502
T_F: 0.5835510879
Running CCSD at an electronic temperature of 31577.512891 K
  FT-CCSD will use 843.537842 mb
MP2 Energy: -0.0157774107
  1  -0.0146184539   1.5919E+00
  2  -0.0153287848   1.4016E-01
  3  -0.0155229707   5.1981E-02
  4  -0.0156000507   2.0601E-02
  5  -0.0156294022   8.1770E-03
  6  -0.0156403570   3.2037E-03
  7  -0.0156443804   1.2324E-03
  8  -0.0156458347   4.6514E-04
  9  -0.0156463525   1.7239E-04
 10  -0.0156465343   6.2807E-05
 11  -0.0156465973   2.2523E-05
 12  -0.0156466188   7.9588E-06
 13  -0.0156466261   2.7743E-06
Total CCSD time: 148.3991 s
Omega: 0.1429168632
OmegaC: -0.015646626109
