density: 0.238732403187
r_s: 1.00000001599
Running CCSD at zero Temperature
  CCSD will use 225.202576 mb
MP2 Energy -0.5294024988
  1  -0.3276626299
  2  -0.4230846491
  3  -0.3782434209
  4  -0.3995432085
  5  -0.3894427127
  6  -0.3942413220
  7  -0.3919627522
  8  -0.3930451106
  9  -0.3925310393
 10  -0.3927752195
 11  -0.3926592392
 12  -0.3927143284
 13  -0.3926881619
 14  -0.3927005906
 15  -0.3926946871
 16  -0.3926974912
 17  -0.3926961593
 18  -0.3926967919
 19  -0.3926964914
 20  -0.3926966342
 21  -0.3926965664
 22  -0.3926965986
 23  -0.3926965833
 24  -0.3926965906
(13.210860276630777, -0.39269659055085954)
density: 0.238732403187
r_s: 1.00000001599
Running CCSD at zero Temperature
  CCSD will use 225.202576 mb
MP2 Energy -0.5255883094
  1  -0.3327909635
  2  -0.4193165407
  3  -0.3806594947
  4  -0.3981240990
  5  -0.3902421494
  6  -0.3938056896
  7  -0.3921951418
  8  -0.3929232621
  9  -0.3925941119
 10  -0.3927429147
 11  -0.3926756450
 12  -0.3927060561
 13  -0.3926923080
 14  -0.3926985232
 15  -0.3926957134
 16  -0.3926969837
 17  -0.3926964094
 18  -0.3926966690
 19  -0.3926965517
 20  -0.3926966047
 21  -0.3926965807
 22  -0.3926965916
 23  -0.3926965867
(13.210860280496405, -0.39269658668523066)
