Norb: 19
L: 6.2831853072
N0: 1.6809131466
mu: 0.1000000000
density: 0.0067765035
r_s: 3.2781984502
T_F: 0.5835510879
Running CCSD at an electronic temperature of 31577.512891 K
MP2 Energy: -0.0157774107
  1  -0.0146184539   9.1161E-01
  2  -0.0153287848   1.1443E-01
  3  -0.0155229707   4.8467E-02
  4  -0.0156000507   1.9825E-02
  5  -0.0156294022   7.8273E-03
  6  -0.0156403570   3.0337E-03
  7  -0.0156443804   1.1552E-03
  8  -0.0156458347   4.3216E-04
  9  -0.0156463525   1.5896E-04
 10  -0.0156465343   5.7543E-05
 11  -0.0156465973   2.0524E-05
 12  -0.0156466188   7.2192E-06
 13  -0.0156466261   2.5066E-06
Total CCSD time: 44.4556 s
Omega: -0.3086530556
OmegaC: -0.015646626108
  1  12.1819152383
  2  3.9279990813
  3  0.2119162903
  4  0.0778312629
  5  0.0354956779
  6  0.0156358439
  7  0.0066218150
  8  0.0027172233
  9  0.0010861769
 10  0.0004244132
 11  0.0001624826
 12  0.0000610533
 13  0.0000225474
 14  0.0000081937
Total CCSD Lambda time: 140.477063 s
RDM construction time: 7.765136957168579 s
Total derivative time: 14.42606520652771 s
E: 0.16054077292256178
S: 2.7712932131425982
N: 1.9206450717478192
