Norb: 19
L: 6.2831853072
N0: 1.7392482332
mu: 0.1095700000
density: 0.0070116780
r_s: 3.2411301811
T_F: 0.5704286786
Running CCSD at an electronic temperature of 31577.512891 K
  FT-CCSD will use 3230.778137 mb
MP2 Energy: -0.0166100840
  1  -0.0156776601   1.0241E+00
  2  -0.0164005172   1.4749E-01
  3  -0.0166272583   5.4421E-02
  4  -0.0167147901   2.1396E-02
  5  -0.0167483748   8.2664E-03
  6  -0.0167609708   3.1485E-03
  7  -0.0167656100   1.1817E-03
  8  -0.0167672899   4.3671E-04
  9  -0.0167678885   1.5887E-04
 10  -0.0167680985   5.6912E-05
 11  -0.0167681712   2.0089E-05
 12  -0.0167681960   6.9919E-06
 13  -0.0167682043   2.4010E-06
 14  -0.0167682071   8.1411E-07
 15  -0.0167682080   2.7274E-07
 16  -0.0167682083   9.0341E-08
 17  -0.0167682084   2.9607E-08
 18  -0.0167682085   9.6056E-09
Total CCSD time: 952.3511 s
Omega: -0.3272022082
OmegaC: -0.016768208457
  1  17.1238960795
  2  3.7410257829
  3  0.2730544643
  4  0.1093913540
  5  0.0472304165
  6  0.0203240681
  7  0.0085811654
  8  0.0035375718
  9  0.0014228995
 10  0.0005589618
 11  0.0002147880
 12  0.0000808685
 13  0.0000298795
 14  0.0000108496
 15  0.0000038767
 16  0.0000013646
 17  0.0000004737
 18  0.0000001623
 19  0.0000000549
 20  0.0000000184
 21  0.0000000061
Total CCSD Lambda time: 3723.067545 s
Total derivative time: 219.727383137 s
E: 0.179539322254
S: 2.87711777874
N: 1.9989938177
Norb: 19
L: 6.2831853072
N0: 2.1413219269
mu: 0.1413000000
density: 0.0086326147
r_s: 3.0240549413
T_F: 0.4965783215
Running CCSD at an electronic temperature of 31577.512891 K
  FT-CCSD will use 3230.778137 mb
MP2 Energy: -0.0229471919
  1  -0.0174878264   1.9176E+00
  2  -0.0183278487   9.4184E-02
  3  -0.0183649790   3.3602E-02
  4  -0.0183844131   1.1248E-02
  5  -0.0183909311   3.5669E-03
  6  -0.0183930018   1.1519E-03
  7  -0.0183936567   3.6996E-04
  8  -0.0183938600   1.1716E-04
  9  -0.0183939222   3.6588E-05
 10  -0.0183939411   1.1284E-05
 11  -0.0183939467   3.4412E-06
 12  -0.0183939484   1.0388E-06
 13  -0.0183939489   3.1066E-07
 14  -0.0183939491   9.2084E-08
 15  -0.0183939491   2.7065E-08
 16  -0.0183939491   7.8911E-09
Total CCSD time: 851.6598 s
Omega: -0.3760916578
OmegaC: -0.018393949118
  1  13.6560412550
  2  6.5250066067
  3  0.1497387164
  4  0.0542008103
  5  0.0208577280
  6  0.0074834718
  7  0.0026389996
  8  0.0009136612
  9  0.0003097284
 10  0.0001030255
 11  0.0000337005
 12  0.0000108590
 13  0.0000034517
 14  0.0000010837
 15  0.0000003364
 16  0.0000001034
 17  0.0000000314
 18  0.0000000095
Total CCSD Lambda time: 3194.975719 s
Total derivative time: 232.248390913 s
E: 0.180877226112
S: 2.75305028243
N: 1.99337477485
